<?xml version="1.0" encoding="UTF-8"?>
<!-- Generated by org.testng.reporters.JUnitReportReporter -->
<testsuite skipped="0" hostname="suman" name="script.ValidLogin" tests="1" failures="0" timestamp="03 Nov 2017 09:07:56 GMT" time="10.174" errors="0">
  <testcase name="testValidLogin" time="10.174" classname="script.ValidLogin"/>
</testsuite> <!-- script.ValidLogin -->
